<?xml version="1.0" encoding="UTF-8"?>
<testng-results ignored="0" total="1" passed="1" failed="0" skipped="0">
  <reporter-output>
  </reporter-output>
  <suite started-at="2025-03-05T08:40:10 IST" name="Default suite" finished-at="2025-03-05T08:40:14 IST" duration-ms="4073">
    <groups>
    </groups>
    <test started-at="2025-03-05T08:40:10 IST" name="Default test" finished-at="2025-03-05T08:40:14 IST" duration-ms="4073">
      <class name="LoginPage">
        <test-method signature="facebooklogin()[pri:0, instance:LoginPage@25641d39]" started-at="2025-03-05T08:40:10 IST" name="facebooklogin" finished-at="2025-03-05T08:40:14 IST" duration-ms="4013" status="PASS">
          <reporter-output>
          </reporter-output>
        </test-method> <!-- facebooklogin -->
      </class> <!-- LoginPage -->
    </test> <!-- Default test -->
  </suite> <!-- Default suite -->
</testng-results>
