<?xml version="1.0" encoding="UTF-8"?>
<testng-results ignored="0" total="1" passed="1" failed="0" skipped="0">
  <reporter-output>
  </reporter-output>
  <suite started-at="2025-03-03T23:15:45 IST" name="Default suite" finished-at="2025-03-03T23:16:26 IST" duration-ms="41165">
    <groups>
    </groups>
    <test started-at="2025-03-03T23:15:45 IST" name="Default test" finished-at="2025-03-03T23:16:26 IST" duration-ms="41165">
      <class name="SeleniumTest">
        <test-method signature="openGoogle()[pri:0, instance:SeleniumTest@25641d39]" started-at="2025-03-03T23:15:45 IST" name="openGoogle" finished-at="2025-03-03T23:16:26 IST" duration-ms="41106" status="PASS">
          <reporter-output>
          </reporter-output>
        </test-method> <!-- openGoogle -->
      </class> <!-- SeleniumTest -->
    </test> <!-- Default test -->
  </suite> <!-- Default suite -->
</testng-results>
